0 info it worked if it ends with ok
1 verbose cli [
1 verbose cli   'C:\\Program Files\\nodejs\\node.exe',
1 verbose cli   'C:\\Program Files\\nodejs\\node_modules\\npm\\bin\\npm-cli.js',
1 verbose cli   'install',
1 verbose cli   'node.js'
1 verbose cli ]
2 info using npm@1.2.18
3 info using node@v12.16.1
4 verbose read json C:\Users\maria\Documents\package.json
5 verbose read json C:\Users\maria\Documents\node_modules\package.json\package.json
6 verbose read json C:\Users\maria\Documents\node_modules\projetoIC.js\package.json
7 verbose read json C:\Users\maria\Documents\package.json
8 verbose cache add [ 'node.js', null ]
9 verbose cache add name=undefined spec="node.js" args=["node.js",null]
10 verbose parsed url Url {
10 verbose parsed url   protocol: null,
10 verbose parsed url   slashes: null,
10 verbose parsed url   auth: null,
10 verbose parsed url   host: null,
10 verbose parsed url   port: null,
10 verbose parsed url   hostname: null,
10 verbose parsed url   hash: null,
10 verbose parsed url   search: null,
10 verbose parsed url   query: null,
10 verbose parsed url   pathname: 'node.js',
10 verbose parsed url   path: 'node.js',
10 verbose parsed url   href: 'node.js'
10 verbose parsed url }
11 silly lockFile 90de35a5-node-js node.js
12 verbose lock node.js C:\Users\maria\AppData\Roaming\npm-cache\90de35a5-node-js.lock
13 silly lockFile 90de35a5-node-js node.js
14 silly lockFile 90de35a5-node-js node.js
15 verbose addNamed [ 'node.js', '' ]
16 verbose addNamed [ null, '' ]
17 silly lockFile bdfb93ff-node-js node.js@
18 verbose lock node.js@ C:\Users\maria\AppData\Roaming\npm-cache\bdfb93ff-node-js.lock
19 silly addNameRange { name: 'node.js', range: '', hasData: false }
20 verbose url raw node.js
21 verbose url resolving [ 'https://registry.npmjs.org/', './node.js' ]
22 verbose url resolved https://registry.npmjs.org/node.js
23 info trying registry request attempt 1 at 11:14:36
24 http GET https://registry.npmjs.org/node.js
25 info retry will retry, error on last attempt: Error: unable to get local issuer certificate
26 info trying registry request attempt 2 at 11:14:46
27 http GET https://registry.npmjs.org/node.js
28 info retry will retry, error on last attempt: Error: unable to get local issuer certificate
29 info trying registry request attempt 3 at 11:15:47
30 http GET https://registry.npmjs.org/node.js
31 silly lockFile bdfb93ff-node-js node.js@
32 silly lockFile bdfb93ff-node-js node.js@
33 error Error: unable to get local issuer certificate
33 error     at TLSSocket.onConnectSecure (_tls_wrap.js:1473:34)
33 error     at TLSSocket.emit (events.js:311:20)
33 error     at TLSSocket._finishInit (_tls_wrap.js:916:8)
33 error     at TLSWrap.ssl.onhandshakedone (_tls_wrap.js:686:12)
34 error If you need help, you may report this log at:
34 error     <http://github.com/isaacs/npm/issues>
34 error or email it to:
34 error     <npm-@googlegroups.com>
35 error System Windows_NT 10.0.17763
36 error command "C:\\Program Files\\nodejs\\node.exe" "C:\\Program Files\\nodejs\\node_modules\\npm\\bin\\npm-cli.js" "install" "node.js"
37 error cwd C:\Users\maria\Documents\WS.semanaOmnistack
38 error node -v v12.16.1
39 error npm -v 1.2.18
40 error code UNABLE_TO_GET_ISSUER_CERT_LOCALLY
41 verbose exit [ 1, true ]
